

> @mobile-garage-door/web@1.0.0 build
> next build

   [1m[38;2;173;127;168m▲ Next.js 16.0.6[39m[22m (Turbopack)

 [37m[1m [22m[39m Creating an optimized production build ...
 [32m[1m✓[22m[39m Compiled successfully in 2.5s
[?25l [37m[1m [22m[39m Running TypeScript  [36m.[39m[2K[1G [37m[1m [22m[39m Running TypeScript  [36m..[39m[2K[1G [37m[1m [22m[39m Running TypeScript  [36m...[39m[2K[1G [37m[1m [22m[39m Running TypeScript  [36m.[39m[2K[1G [37m[1m [22m[39m Running TypeScript  [36m..[39m[2K[1G [37m[1m [22m[39m Running TypeScript  [36m...[39m[2K[1G [37m[1m [22m[39m Running TypeScript  [36m.[39m[2K[1G [37m[1m [22m[39m Running TypeScript  [36m..[39m[2K[1G [37m[1m [22m[39m Running TypeScript  [36m...[39m[2K[1G [37m[1m [22m[39m Running TypeScript  [36m.[39m[2K[1G [37m[1m [22m[39m Running TypeScript  [36m..[39m[2K[1G [37m[1m [22m[39m Running TypeScript  [36m...[39m[2K[1G[?25h[?25l [37m[1m [22m[39m Finished TypeScript in 2.2s  [36m.[39m[2K[1G[1A[2K[1G[?25h [37m[1m [22m[39m Finished TypeScript in 2.2s     [32m[1m✓[22m[39m Finished TypeScript in 2.2s 
[?25l [37m[1m [22m[39m Collecting page data using 11 workers  [36m.[39m[2K[1G[1A[2K[1G [37m[1m [22m[39m Collecting page data using 11 workers  [36m..[39m[2K[1G[1A[2K[1G [37m[1m [22m[39m Collecting page data using 11 workers  [36m...[39m[2K[1G[1A[2K[1G[?25h [37m[1m [22m[39m Collecting page data using 11 workers in 515.7ms     [32m[1m✓[22m[39m Collecting page data using 11 workers in 515.7ms 
[?25l [37m[1m [22m[39m Generating static pages using 11 workers (0/6)  [36m[    ][39m[2K[1G[1A[2K[1G [37m[1m [22m[39m Generating static pages using 11 workers (0/6)  [36m[=   ][39m[2K[1G[1A[2K[1G [37m[1m [22m[39m Generating static pages using 11 workers (0/6)  [36m[==  ][39m[2K[1G[1A[2K[1G[?25h [33m[1m⚠[22m[39m metadataBase property in metadata export is not set for resolving social open graph or twitter images, using "http://localhost:3000". See https://nextjs.org/docs/app/api-reference/functions/generate-metadata#metadatabase
[?25h [32m[1m✓[22m[39m Generating static pages using 11 workers (6/6) in 578.8ms
[?25l [37m[1m [22m[39m Finalizing page optimization  [36m.[39m[2K[1G[1A[2K[1G[?25h [37m[1m [22m[39m Finalizing page optimization in 16.8ms     [32m[1m✓[22m[39m Finalizing page optimization in 16.8ms 

[4mRoute (app)[24m
┌ ○ /
├ ○ /_not-found
├ ○ /contact
├ ○ /portfolio
├ ƒ /portfolio/[id]
└ ○ /services


○  (Static)   prerendered as static content
ƒ  (Dynamic)  server-rendered on demand

[?25h⠙[1G[0K
